{
  "numFailedTestSuites": 1,
  "numFailedTests": 0,
  "numPassedTestSuites": 0,
  "numPassedTests": 0,
  "numPendingTestSuites": 0,
  "numPendingTests": 0,
  "numRuntimeErrorTestSuites": 1,
  "numTodoTests": 0,
  "numTotalTestSuites": 1,
  "numTotalTests": 0,
  "openHandles": [],
  "snapshot": {
    "added": 0,
    "didUpdate": false,
    "failure": false,
    "filesAdded": 0,
    "filesRemoved": 0,
    "filesRemovedList": [],
    "filesUnmatched": 0,
    "filesUpdated": 0,
    "matched": 0,
    "total": 0,
    "unchecked": 0,
    "uncheckedKeysByFile": [],
    "unmatched": 0,
    "updated": 0
  },
  "startTime": 1681379768955,
  "success": false,
  "testResults": [
    {
      "failureMessage": "  \u001b[1m● \u001b[22mTest suite failed to run\n\n    Cannot find module '@config/endpoint' from 'src/app/core/services/auth.service.ts'\n\n    Require stack:\n      src/app/core/services/auth.service.ts\n      src/app/core/services/auth.test.ts\n\n    \u001b[0m \u001b[90m 1 |\u001b[39m \u001b[36mimport\u001b[39m \u001b[33mAuthHelper\u001b[39m \u001b[36mfrom\u001b[39m \u001b[32m'../helpers/authHelper'\u001b[39m\u001b[33m;\u001b[39m\u001b[0m\n    \u001b[0m\u001b[31m\u001b[1m>\u001b[22m\u001b[39m\u001b[90m 2 |\u001b[39m \u001b[36mimport\u001b[39m { \u001b[33mENDPOINT\u001b[39m } \u001b[36mfrom\u001b[39m \u001b[32m'@config/endpoint'\u001b[39m\u001b[33m;\u001b[39m\u001b[0m\n    \u001b[0m \u001b[90m   |\u001b[39m \u001b[31m\u001b[1m^\u001b[22m\u001b[39m\u001b[0m\n    \u001b[0m \u001b[90m 3 |\u001b[39m \u001b[36mimport\u001b[39m { \u001b[33mApiService\u001b[39m } \u001b[36mfrom\u001b[39m \u001b[32m'./api.service'\u001b[39m\u001b[33m;\u001b[39m\u001b[0m\n    \u001b[0m \u001b[90m 4 |\u001b[39m\u001b[0m\n    \u001b[0m \u001b[90m 5 |\u001b[39m \u001b[36mexport\u001b[39m \u001b[36mclass\u001b[39m \u001b[33mAuthService\u001b[39m \u001b[36mextends\u001b[39m \u001b[33mAuthHelper\u001b[39m {\u001b[0m\n\n      \u001b[2mat Resolver._throwModNotFoundError (\u001b[22mnode_modules/jest-resolve/build/resolver.js\u001b[2m:427:11)\u001b[22m\n      \u001b[2mat Object.<anonymous> (\u001b[22msrc/app/core/services/auth.service.ts\u001b[2m:2:1)\u001b[22m\n      \u001b[2mat Object.<anonymous> (\u001b[22m\u001b[0m\u001b[36msrc/app/core/services/auth.test.ts\u001b[39m\u001b[0m\u001b[2m:1:1)\u001b[22m\n",
      "leaks": false,
      "numFailingTests": 0,
      "numPassingTests": 0,
      "numPendingTests": 0,
      "numTodoTests": 0,
      "openHandles": [],
      "perfStats": {
        "end": 0,
        "runtime": 0,
        "slow": false,
        "start": 0
      },
      "skipped": false,
      "snapshot": {
        "added": 0,
        "fileDeleted": false,
        "matched": 0,
        "unchecked": 0,
        "uncheckedKeys": [],
        "unmatched": 0,
        "updated": 0
      },
      "testExecError": {
        "code": "MODULE_NOT_FOUND",
        "hint": "",
        "requireStack": [
          "/Users/mba0081/Documents/supremtech/UnitTest/b-react-ts/src/app/core/services/auth.service.ts",
          "/Users/mba0081/Documents/supremtech/UnitTest/b-react-ts/src/app/core/services/auth.test.ts"
        ],
        "siblingWithSimilarExtensionFound": false,
        "moduleName": "@config/endpoint",
        "_originalMessage": "Cannot find module '@config/endpoint' from 'src/app/core/services/auth.service.ts'"
      },
      "testFilePath": "/Users/mba0081/Documents/supremtech/UnitTest/b-react-ts/src/app/core/services/auth.test.ts",
      "testResults": []
    }
  ],
  "wasInterrupted": false
}